<html>
<head>
<title>TestNG:  Phone Test</title>
<link href="../testng.css" rel="stylesheet" type="text/css" />
<link href="../my-testng.css" rel="stylesheet" type="text/css" />

<style type="text/css">
.log { display: none;} 
.stack-trace { display: none;} 
</style>
<script type="text/javascript">
<!--
function flip(e) {
  current = e.style.display;
  if (current == 'block') {
    e.style.display = 'none';
    return 0;
  }
  else {
    e.style.display = 'block';
    return 1;
  }
}

function toggleBox(szDivId, elem, msg1, msg2)
{
  var res = -1;  if (document.getElementById) {
    res = flip(document.getElementById(szDivId));
  }
  else if (document.all) {
    // this is the way old msie versions work
    res = flip(document.all[szDivId]);
  }
  if(elem) {
    if(res == 0) elem.innerHTML = msg1; else elem.innerHTML = msg2;
  }

}

function toggleAllBoxes() {
  if (document.getElementsByTagName) {
    d = document.getElementsByTagName('div');
    for (i = 0; i < d.length; i++) {
      if (d[i].className == 'log') {
        flip(d[i]);
      }
    }
  }
}

// -->
</script>

</head>
<body>
<h2 align='center'>Phone Test</h2><table border='1' align="center">
<tr>
<td>Tests passed/Failed/Skipped:</td><td>3/0/0</td>
</tr><tr>
<td>Started on:</td><td>Sun Apr 30 03:12:50 IST 2023</td>
</tr>
<tr><td>Total time:</td><td>0 seconds (55 ms)</td>
</tr><tr>
<td>Included groups:</td><td></td>
</tr><tr>
<td>Excluded groups:</td><td></td>
</tr>
</table><p/>
<small><i>(Hover the method name to see the test class name)</i></small><p/>
<table width='100%' border='1' class='invocation-failed'>
<tr><td colspan='4' align='center'><b>FAILED TESTS</b></td></tr>
<tr><td><b>Test method</b></td>
<td width="30%"><b>Exception</b></td>
<td width="10%"><b>Time (seconds)</b></td>
<td><b>Instance</b></td>
</tr>
<tr>
<td title='testpractice.ValidateSoftAssert.valiadte()'><b>valiadte</b><br>Test class: testpractice.ValidateSoftAssert</td>
<td><div><pre>java.lang.AssertionError: The following asserts failed:
	expected [jih] but found [Avg],
	custom error message did not expect to find [true] but found [false],
	intentional fail message
	at testpractice.ValidateSoftAssert.valiadte(ValidateSoftAssert.java:17)
	at java.base/java.util.ArrayList.forEach(ArrayList.java:1511)
... Removed 29 stack frames</pre></div><a href='#' onClick='toggleBox("stack-trace1208203046", this, "Click to show all stack frames", "Click to hide stack frames")'>Click to show all stack frames</a>
<div class='stack-trace' id='stack-trace1208203046'><pre>java.lang.AssertionError: The following asserts failed:
	expected [jih] but found [Avg],
	custom error message did not expect to find [true] but found [false],
	intentional fail message
	at org.testng.asserts.SoftAssert.assertAll(SoftAssert.java:47)
	at org.testng.asserts.SoftAssert.assertAll(SoftAssert.java:31)
	at testpractice.ValidateSoftAssert.valiadte(ValidateSoftAssert.java:17)
	at java.base/jdk.internal.reflect.NativeMethodAccessorImpl.invoke0(Native Method)
	at java.base/jdk.internal.reflect.NativeMethodAccessorImpl.invoke(NativeMethodAccessorImpl.java:77)
	at java.base/jdk.internal.reflect.DelegatingMethodAccessorImpl.invoke(DelegatingMethodAccessorImpl.java:43)
	at java.base/java.lang.reflect.Method.invoke(Method.java:568)
	at org.testng.internal.MethodInvocationHelper.invokeMethod(MethodInvocationHelper.java:133)
	at org.testng.internal.TestInvoker.invokeMethod(TestInvoker.java:584)
	at org.testng.internal.TestInvoker.invokeTestMethod(TestInvoker.java:172)
	at org.testng.internal.MethodRunner.runInSequence(MethodRunner.java:46)
	at org.testng.internal.TestInvoker$MethodInvocationAgent.invoke(TestInvoker.java:804)
	at org.testng.internal.TestInvoker.invokeTestMethods(TestInvoker.java:145)
	at org.testng.internal.TestMethodWorker.invokeTestMethods(TestMethodWorker.java:146)
	at org.testng.internal.TestMethodWorker.run(TestMethodWorker.java:128)
	at java.base/java.util.ArrayList.forEach(ArrayList.java:1511)
	at org.testng.TestRunner.privateRun(TestRunner.java:770)
	at org.testng.TestRunner.run(TestRunner.java:591)
	at org.testng.SuiteRunner.runTest(SuiteRunner.java:402)
	at org.testng.SuiteRunner.runSequentially(SuiteRunner.java:396)
	at org.testng.SuiteRunner.privateRun(SuiteRunner.java:355)
	at org.testng.SuiteRunner.run(SuiteRunner.java:304)
	at org.testng.SuiteRunnerWorker.runSuite(SuiteRunnerWorker.java:53)
	at org.testng.SuiteRunnerWorker.run(SuiteRunnerWorker.java:96)
	at org.testng.TestNG.runSuitesSequentially(TestNG.java:1180)
	at org.testng.TestNG.runSuitesLocally(TestNG.java:1102)
	at org.testng.TestNG.runSuites(TestNG.java:1032)
	at org.testng.TestNG.run(TestNG.java:1000)
	at org.testng.remote.AbstractRemoteTestNG.run(AbstractRemoteTestNG.java:115)
	at org.testng.remote.RemoteTestNG.initAndRun(RemoteTestNG.java:251)
	at org.testng.remote.RemoteTestNG.main(RemoteTestNG.java:77)
</pre></div></td>
<td>0</td>
<td>testpractice.ValidateSoftAssert@65d09a04</td></tr>
</table><p>
<table width='100%' border='1' class='invocation-passed'>
<tr><td colspan='4' align='center'><b>PASSED TESTS</b></td></tr>
<tr><td><b>Test method</b></td>
<td width="30%"><b>Exception</b></td>
<td width="10%"><b>Time (seconds)</b></td>
<td><b>Instance</b></td>
</tr>
<tr>
<td title='testpractice.SkipAnnotationTest$SearchAndBuyPhone.checkout()'><b>checkout</b><br>Test class: testpractice.SkipAnnotationTest$SearchAndBuyPhone<br>Parameters: org.testng.TestRunner@5524cca1</td>
<td></td>
<td>0</td>
<td>testpractice.SkipAnnotationTest$SearchAndBuyPhone@1018bde2</td></tr>
<tr>
<td title='testpractice.SearchAndBuyPhone.checkout()'><b>checkout</b><br>Test class: testpractice.SearchAndBuyPhone</td>
<td></td>
<td>0</td>
<td>testpractice.SearchAndBuyPhone@28975c28</td></tr>
<tr>
<td title='testpractice.CreateUser.createuser()'><b>createuser</b><br>Test class: testpractice.CreateUser<br>Parameters: Chrome, Admin, 12345, india</td>
<td></td>
<td>0</td>
<td>testpractice.CreateUser@117e949d</td></tr>
<tr>
<td title='testpractice.CreateUser.createuser()'><b>createuser</b><br>Test class: testpractice.CreateUser<br>Parameters: Mozilla, superAdmin, 54321, canada</td>
<td></td>
<td>0</td>
<td>testpractice.CreateUser@117e949d</td></tr>
<tr>
<td title='testpractice.CreateUser.createuser()'><b>createuser</b><br>Test class: testpractice.CreateUser<br>Parameters: IE, User, 67890, pakistan</td>
<td></td>
<td>0</td>
<td>testpractice.CreateUser@117e949d</td></tr>
<tr>
<td title='testpractice.CreateUser.deleteuser()'><b>deleteuser</b><br>Test class: testpractice.CreateUser<br>Parameters: googleChrome, Administrator, 1234567890, indiaindia</td>
<td></td>
<td>0</td>
<td>testpractice.CreateUser@117e949d</td></tr>
<tr>
<td title='testpractice.CreateUser.deleteuser()'><b>deleteuser</b><br>Test class: testpractice.CreateUser<br>Parameters: MozillaFirefox, superAdministarator, 543210987, canadacanada</td>
<td></td>
<td>0</td>
<td>testpractice.CreateUser@117e949d</td></tr>
<tr>
<td title='testpractice.CreateUser.deleteuser()'><b>deleteuser</b><br>Test class: testpractice.CreateUser<br>Parameters: InternetExplorer, Usergeneral, 678901234, pakistanpakistan</td>
<td></td>
<td>0</td>
<td>testpractice.CreateUser@117e949d</td></tr>
<tr>
<td title='testpractice.AssertTest.dologin()'><b>dologin</b><br>Test class: testpractice.AssertTest</td>
<td></td>
<td>0</td>
<td>testpractice.AssertTest@2f54a33d</td></tr>
<tr>
<td title='testpractice.AssertTest.logout()'><b>logout</b><br>Test class: testpractice.AssertTest</td>
<td></td>
<td>0</td>
<td>testpractice.AssertTest@2f54a33d</td></tr>
<tr>
<td title='testpractice.SkipAnnotationTest$SearchAndBuyPhone.search()'><b>search</b><br>Test class: testpractice.SkipAnnotationTest$SearchAndBuyPhone<br>Parameters: org.testng.TestRunner@5524cca1</td>
<td></td>
<td>0</td>
<td>testpractice.SkipAnnotationTest$SearchAndBuyPhone@1018bde2</td></tr>
<tr>
<td title='testpractice.SearchAndBuyPhone.search()'><b>search</b><br>Test class: testpractice.SearchAndBuyPhone</td>
<td></td>
<td>0</td>
<td>testpractice.SearchAndBuyPhone@28975c28</td></tr>
<tr>
<td title='testpractice.SkipAnnotationTest$SearchAndBuyPhone.select()'><b>select</b><br>Test class: testpractice.SkipAnnotationTest$SearchAndBuyPhone<br>Parameters: org.testng.TestRunner@5524cca1</td>
<td></td>
<td>0</td>
<td>testpractice.SkipAnnotationTest$SearchAndBuyPhone@1018bde2</td></tr>
<tr>
<td title='testpractice.SearchAndBuyPhone.select()'><b>select</b><br>Test class: testpractice.SearchAndBuyPhone</td>
<td></td>
<td>0</td>
<td>testpractice.SearchAndBuyPhone@28975c28</td></tr>
</table><p>
</body>
</html>